This is pdfeTeX, Version 3.141592-1.21a-2.2 (Web2C 7.5.4) (format=latex 2006.11.27)  16 DEC 2007 19:28
entering extended mode
**tutorial.tex
(./tutorial.tex
LaTeX2e <2003/12/01>
Babel <v3.8d> and hyphenation patterns for american, french, german, ngerman, b
ahasa, basque, bulgarian, catalan, croatian, czech, danish, dutch, esperanto, e
stonian, finnish, greek, icelandic, irish, italian, latin, magyar, norsk, polis
h, portuges, romanian, russian, serbian, slovak, slovene, spanish, swedish, tur
kish, ukrainian, nohyphenation, loaded.
(/usr/share/texmf/tex/latex/base/report.cls
Document Class: report 2004/02/16 v1.4f Standard LaTeX document class
(/usr/share/texmf/tex/latex/base/size10.clo
File: size10.clo 2004/02/16 v1.4f Standard LaTeX file (size option)
)
\c@part=\count79
\c@chapter=\count80
\c@section=\count81
\c@subsection=\count82
\c@subsubsection=\count83
\c@paragraph=\count84
\c@subparagraph=\count85
\c@figure=\count86
\c@table=\count87
\abovecaptionskip=\skip41
\belowcaptionskip=\skip42
\bibindent=\dimen102
)
(/usr/share/texmf/tex/latex/psnfss/times.sty
Package: times 2004/09/15 PSNFSS-v9.2 (SPQR) 
) (../../../util/tex/style.tex
\encadrehsize=\skip43
)
(../../../util/tex/products.tex) (../../../util/doc/cmdline/options.tex)
(../version.tex) (./tutorial.aux)
\openout1 = `tutorial.aux'.

LaTeX Font Info:    Checking defaults for OML/cmm/m/it on input line 18.
LaTeX Font Info:    ... okay on input line 18.
LaTeX Font Info:    Checking defaults for T1/cmr/m/n on input line 18.
LaTeX Font Info:    ... okay on input line 18.
LaTeX Font Info:    Checking defaults for OT1/cmr/m/n on input line 18.
LaTeX Font Info:    ... okay on input line 18.
LaTeX Font Info:    Checking defaults for OMS/cmsy/m/n on input line 18.
LaTeX Font Info:    ... okay on input line 18.
LaTeX Font Info:    Checking defaults for OMX/cmex/m/n on input line 18.
LaTeX Font Info:    ... okay on input line 18.
LaTeX Font Info:    Checking defaults for U/cmr/m/n on input line 18.
LaTeX Font Info:    ... okay on input line 18.
LaTeX Font Info:    Try loading font information for OT1+ptm on input line 18.
 (/usr/share/texmf/tex/latex/psnfss/ot1ptm.fd
File: ot1ptm.fd 2001/06/04 font definitions for OT1/ptm.
)
LaTeX Font Info:    External font `cmex10' loaded for size
(Font)              <17.28> on input line 22.
LaTeX Font Info:    External font `cmex10' loaded for size
(Font)              <12> on input line 22.
LaTeX Font Info:    External font `cmex10' loaded for size
(Font)              <8> on input line 22.
LaTeX Font Info:    External font `cmex10' loaded for size
(Font)              <6> on input line 22.
[1

]
Underfull \hbox (badness 10000) in paragraph at lines 27--28

 []


Underfull \hbox (badness 10000) in paragraph at lines 29--31

 []

LaTeX Font Info:    External font `cmex10' loaded for size
(Font)              <7> on input line 31.
LaTeX Font Info:    External font `cmex10' loaded for size
(Font)              <5> on input line 31.
[1]
LaTeX Font Info:    Font shape `OT1/ptm/bx/n' in size <24.88> not available
(Font)              Font shape `OT1/ptm/b/n' tried instead on input line 34.
 (./tutorial.toc
LaTeX Font Info:    Font shape `OT1/ptm/bx/n' in size <10> not available
(Font)              Font shape `OT1/ptm/b/n' tried instead on input line 1.
LaTeX Font Info:    Font shape `OT1/ptm/bx/n' in size <7> not available
(Font)              Font shape `OT1/ptm/b/n' tried instead on input line 15.
 [2

])
\tf@toc=\write3
\openout3 = `tutorial.toc'.

 [3]
Chapter 1.
LaTeX Font Info:    Font shape `OT1/ptm/bx/n' in size <20.74> not available
(Font)              Font shape `OT1/ptm/b/n' tried instead on input line 37.
LaTeX Font Info:    Font shape `OT1/ptm/bx/n' in size <14.4> not available
(Font)              Font shape `OT1/ptm/b/n' tried instead on input line 41.
LaTeX Font Info:    Try loading font information for OMS+ptm on input line 51.
(/usr/share/texmf/tex/latex/psnfss/omsptm.fd
File: omsptm.fd 
)
LaTeX Font Info:    Font shape `OMS/ptm/m/n' in size <10> not available
(Font)              Font shape `OMS/cmsy/m/n' tried instead on input line 51.
 [4

]
LaTeX Font Info:    Try loading font information for OT1+pcr on input line 75.

(/usr/share/texmf/tex/latex/psnfss/ot1pcr.fd
File: ot1pcr.fd 2001/06/04 font definitions for OT1/pcr.
) [5]
Chapter 2.
LaTeX Font Info:    Font shape `OT1/ptm/bx/n' in size <12> not available
(Font)              Font shape `OT1/ptm/b/n' tried instead on input line 121.
[6

]
LaTeX Font Info:    Font shape `OT1/ptm/bx/n' in size <8> not available
(Font)              Font shape `OT1/ptm/b/n' tried instead on input line 159.
LaTeX Font Info:    External font `cmex10' loaded for size
(Font)              <14.4> on input line 189.
 [7] [8]
Chapter 3.
LaTeX Font Info:    External font `cmex10' loaded for size
(Font)              <24.88> on input line 203.
LaTeX Font Info:    External font `cmex10' loaded for size
(Font)              <20.74> on input line 203.
(../../../installer/doc/technical/userguide.tex
Underfull \hbox (badness 10000) in paragraph at lines 1--2

 []


Underfull \hbox (badness 10000) in paragraph at lines 3--5

 []


Underfull \hbox (badness 10000) in paragraph at lines 9--10

 []


Underfull \hbox (badness 10000) in paragraph at lines 11--13

 []

[9

]) (../../../license/doc/technical/userguide.tex)
Underfull \hbox (badness 10000) in paragraph at lines 226--226

 []


Underfull \hbox (badness 10000) in paragraph at lines 226--227

 []


Underfull \hbox (badness 10000) in paragraph at lines 228--228

 []


Underfull \hbox (badness 10000) in paragraph at lines 228--229

 []

[10]
Overfull \hbox (18.21754pt too wide) in paragraph at lines 247--250
[]\OT1/ptm/m/n/10 As an ex-am-ple, you can con-fig-ure Log4J with the prop-er-t
ies file \OT1/pcr/m/n/10 log4j.properties
 []


Overfull \hbox (9.0pt too wide) in paragraph at lines 259--259
[]        \OT1/pcr/m/n/10 PropertyConfigurator.configure("log4j.properties");[]
 
 []


Overfull \hbox (10.44719pt too wide) in paragraph at lines 295--297
[]\OT1/ptm/m/n/10 Let us ex-plain how we can eas-ily solve the prob-lem us-ing 
Koa-log Con-straint Solver$[]$.
 []

[11]
Overfull \hbox (30.42807pt too wide) in paragraph at lines 311--320
\OT1/ptm/m/n/10 Let us con-sider the con-struc-tion of vari-able \OT1/pcr/m/n/1
0 s \OT1/ptm/m/n/10 with \OT1/pcr/m/n/10 new IntegerVariable("s",1,9);\OT1/ptm/
m/n/10 .
 []

[12] [13] [14]
Chapter 4.
[15

] [16]
Chapter 5.

Overfull \hbox (2.58727pt too wide) in paragraph at lines 512--513
[]\OT1/ptm/m/n/10 either be-cause a needed con-straint is not pro-vided by Koa-
log Con-straint Solver$[]$, 
 []

LaTeX Font Info:    Font shape `OMS/ptm/m/n' in size <8> not available
(Font)              Font shape `OMS/cmsy/m/n' tried instead on input line 528.
[17

] [18]
Overfull \hbox (5.22636pt too wide) in paragraph at lines 625--625
[]      \OT1/pcr/m/n/10 IntegerVariable x = (IntegerVariable)variables[0];[] 
 []


Overfull \hbox (5.22636pt too wide) in paragraph at lines 625--625
[]      \OT1/pcr/m/n/10 IntegerVariable y = (IntegerVariable)variables[1];[] 
 []


Overfull \hbox (5.22636pt too wide) in paragraph at lines 625--625
[]      \OT1/pcr/m/n/10 IntegerVariable x = (IntegerVariable)variables[0];[] 
 []


Overfull \hbox (5.22636pt too wide) in paragraph at lines 625--625
[]      \OT1/pcr/m/n/10 IntegerVariable y = (IntegerVariable)variables[1];[] 
 []

[19] [20]
Chapter 6.
[21

] [22]
Overfull \hbox (6.69781pt too wide) in paragraph at lines 827--829
[]\OT1/pcr/m/n/10 IncreasingOrderDomainHeuristic \OT1/ptm/m/n/10 in-stan-ti-ate
s the vari-able with its min-
 []

[23]
Chapter 7.

Overfull \hbox (6.49815pt too wide) in paragraph at lines 864--868
\OT1/ptm/m/n/10 can work in two dis-tinct modes, \OT1/pcr/m/n/10 Optimizer.REST
ART \OT1/ptm/m/n/10 or \OT1/pcr/m/n/10 Optimizer.CONTINUE\OT1/ptm/m/n/10 : 
 []

[24

] (./tutorial.aux) ) 
Here is how much of TeX's memory you used:
 465 strings out of 94500
 5759 string characters out of 1172832
 53348 words of memory out of 3500000
 3668 multiletter control sequences out of 10000+50000
 19714 words of font info for 55 fonts, out of 500000 for 2000
 580 hyphenation exceptions out of 1000
 27i,11n,21p,192b,386s stack positions out of 1500i,500n,5000p,200000b,5000s

Output written on tutorial.dvi (25 pages, 57504 bytes).
